Total VRAM 24241 MB, total RAM 32100 MB
pytorch version: 2.0.1+cu118
xformers version: 0.0.21
Set vram state to: NORMAL_VRAM
Device: cuda:0 NVIDIA RTX A5000 : cudaMallocAsync
VAE dtype: torch.bfloat16
Using xformers cross attention
Traceback (most recent call last):
  File "/home/AI_project/ComfyUI/main.py", line 76, in <module>
    import execution
  File "/home/AI_project/ComfyUI/execution.py", line 11, in <module>
    import nodes
  File "/home/AI_project/ComfyUI/nodes.py", line 22, in <module>
    import comfy.samplers
  File "/home/AI_project/ComfyUI/comfy/samplers.py", line 1, in <module>
    from .k_diffusion import sampling as k_diffusion_sampling
  File "/home/AI_project/ComfyUI/comfy/k_diffusion/sampling.py", line 3, in <module>
    from scipy import integrate
  File "<frozen importlib._bootstrap>", line 1075, in _handle_fromlist
  File "/root/anaconda3/envs/sdwebui/lib/python3.10/site-packages/scipy/__init__.py", line 189, in __getattr__
    return _importlib.import_module(f'scipy.{name}')
  File "/root/anaconda3/envs/sdwebui/lib/python3.10/importlib/__init__.py", line 126, in import_module
    return _bootstrap._gcd_import(name[level:], package, level)
  File "/root/anaconda3/envs/sdwebui/lib/python3.10/site-packages/scipy/integrate/__init__.py", line 92, in <module>
    from ._quadrature import *
  File "/root/anaconda3/envs/sdwebui/lib/python3.10/site-packages/scipy/integrate/_quadrature.py", line 8, in <module>
    from scipy.special import roots_legendre
  File "/root/anaconda3/envs/sdwebui/lib/python3.10/site-packages/scipy/special/__init__.py", line 784, in <module>
    from ._ellip_harm import (
  File "/root/anaconda3/envs/sdwebui/lib/python3.10/site-packages/scipy/special/_ellip_harm.py", line 4, in <module>
    from ._ellip_harm_2 import _ellipsoid, _ellipsoid_norm
  File "<frozen importlib._bootstrap>", line 404, in parent
KeyboardInterrupt
